  [1m[36m (1.2ms)[0m  [1mCREATE TABLE "schema_migrations" ("version" varchar NOT NULL) [0m
  [1m[35m (0.0ms)[0m  select sqlite_version(*)
  [1m[36m (1.0ms)[0m  [1mCREATE UNIQUE INDEX "unique_schema_migrations" ON "schema_migrations" ("version")[0m
  [1m[35mActiveRecord::SchemaMigration Load (0.1ms)[0m  SELECT "schema_migrations".* FROM "schema_migrations"
  [1m[36mActiveRecord::SchemaMigration Load (0.1ms)[0m  [1mSELECT "schema_migrations".* FROM "schema_migrations"[0m
Migrating to CreatePosts (20151230232412)
  [1m[35m (0.1ms)[0m  begin transaction
  [1m[36m (0.4ms)[0m  [1mCREATE TABLE "posts" ("id" INTEGER PRIMARY KEY AUTOINCREMENT NOT NULL, "title" varchar, "description" text, "created_at" datetime NOT NULL, "updated_at" datetime NOT NULL) [0m
  [1m[35mSQL (0.2ms)[0m  INSERT INTO "schema_migrations" ("version") VALUES (?)  [["version", "20151230232412"]]
  [1m[36m (1.3ms)[0m  [1mcommit transaction[0m
  [1m[35mActiveRecord::SchemaMigration Load (0.1ms)[0m  SELECT "schema_migrations".* FROM "schema_migrations"


Started GET "/posts/new" for ::1 at 2015-12-31 13:44:56 -0600
  [1m[36mActiveRecord::SchemaMigration Load (0.1ms)[0m  [1mSELECT "schema_migrations".* FROM "schema_migrations"[0m
Processing by PostsController#new as HTML
  Rendered posts/new.html.erb within layouts/application (2.1ms)
Completed 200 OK in 347ms (Views: 326.8ms | ActiveRecord: 0.2ms)


Started GET "/assets/application.self-e80e8f2318043e8af94dddc2adad5a4f09739a8ebb323b3ab31cd71d45fd9113.css?body=1" for ::1 at 2015-12-31 13:44:57 -0600


Started GET "/assets/application.self-3b8dabdc891efe46b9a144b400ad69e37d7e5876bdc39dee783419a69d7ca819.js?body=1" for ::1 at 2015-12-31 13:44:57 -0600


Started POST "/posts" for ::1 at 2015-12-31 13:45:03 -0600
Processing by PostsController#create as HTML
  Parameters: {"utf8"=>"✓", "authenticity_token"=>"mFCuNJP5reOW19phdr4zXRLzOMo4NZQ3wneiVR+RO/+owIoDiOxh24iHKkZ7DGazxbSIoRmvIOmJgA4gog1sGg==", "title"=>"Rails Introduction Quiz", "description"=>"asdfasdf", "commit"=>"Submit Post"}
  [1m[35m (0.1ms)[0m  begin transaction
  [1m[36mSQL (0.4ms)[0m  [1mINSERT INTO "posts" ("title", "description", "created_at", "updated_at") VALUES (?, ?, ?, ?)[0m  [["title", "Rails Introduction Quiz"], ["description", "asdfasdf"], ["created_at", "2015-12-31 19:45:03.614973"], ["updated_at", "2015-12-31 19:45:03.614973"]]
  [1m[35m (1.2ms)[0m  commit transaction
Redirected to http://localhost:3000/posts/1
Completed 302 Found in 22ms (ActiveRecord: 1.7ms)


Started GET "/posts/1" for ::1 at 2015-12-31 13:45:03 -0600
Processing by PostsController#show as HTML
  Parameters: {"id"=>"1"}
  [1m[36mPost Load (0.2ms)[0m  [1mSELECT  "posts".* FROM "posts" WHERE "posts"."id" = ? LIMIT 1[0m  [["id", 1]]
  Rendered posts/show.html.erb within layouts/application (0.4ms)
Completed 200 OK in 27ms (Views: 10.4ms | ActiveRecord: 0.2ms)
  [1m[35m (0.1ms)[0m  [1m[36mbegin transaction[0m
  [1m[35mSQL (0.7ms)[0m  [1m[32mINSERT INTO "posts" ("title", "description", "created_at", "updated_at") VALUES (?, ?, ?, ?)[0m  [["title", "Title Goes Here"], ["description", "Desc goes here..."], ["created_at", "2020-08-25 20:44:18.363116"], ["updated_at", "2020-08-25 20:44:18.363116"]]
  [1m[35m (2.6ms)[0m  [1m[36mcommit transaction[0m
Started GET "/" for ::1 at 2020-08-25 17:05:09 -0400
  [1m[36mActiveRecord::SchemaMigration Load (0.7ms)[0m  [1m[34mSELECT "schema_migrations".* FROM "schema_migrations"[0m
Processing by Rails::WelcomeController#index as HTML
  Parameters: {"internal"=>true}
  Rendering /Users/anna/.rvm/gems/ruby-2.6.1/gems/railties-5.0.7.2/lib/rails/templates/rails/welcome/index.html.erb
  Rendered /Users/anna/.rvm/gems/ruby-2.6.1/gems/railties-5.0.7.2/lib/rails/templates/rails/welcome/index.html.erb (3.7ms)
Completed 200 OK in 23ms (Views: 12.6ms | ActiveRecord: 0.0ms)


Started GET "/posts" for ::1 at 2020-08-25 17:05:25 -0400
Processing by PostsController#index as HTML
  Rendering posts/index.html.erb within layouts/application
  [1m[36mPost Load (1.7ms)[0m  [1m[34mSELECT "posts".* FROM "posts"[0m
  Rendered posts/index.html.erb within layouts/application (11.1ms)
Completed 200 OK in 424ms (Views: 416.3ms | ActiveRecord: 2.7ms)


Started GET "/posts/new" for ::1 at 2020-08-25 17:07:07 -0400
Processing by PostsController#new as HTML
  Rendering posts/new.html.erb within layouts/application
  Rendered posts/new.html.erb within layouts/application (2.7ms)
Completed 200 OK in 41ms (Views: 35.9ms | ActiveRecord: 0.0ms)


Started GET "/posts" for ::1 at 2020-08-25 17:09:01 -0400
Processing by PostsController#index as HTML
  Rendering posts/index.html.erb within layouts/application
  [1m[36mPost Load (0.4ms)[0m  [1m[34mSELECT "posts".* FROM "posts"[0m
  Rendered posts/index.html.erb within layouts/application (2.2ms)
Completed 200 OK in 39ms (Views: 36.5ms | ActiveRecord: 0.4ms)


Started GET "/posts/1" for ::1 at 2020-08-25 17:09:05 -0400
Processing by PostsController#show as HTML
  Parameters: {"id"=>"1"}
  [1m[36mPost Load (0.4ms)[0m  [1m[34mSELECT  "posts".* FROM "posts" WHERE "posts"."id" = ? LIMIT ?[0m  [["id", 1], ["LIMIT", 1]]
  Rendering posts/show.html.erb within layouts/application
  Rendered posts/show.html.erb within layouts/application (1.1ms)
Completed 200 OK in 37ms (Views: 29.1ms | ActiveRecord: 0.4ms)


Started GET "/posts/2" for ::1 at 2020-08-25 17:09:09 -0400
Processing by PostsController#show as HTML
  Parameters: {"id"=>"2"}
  [1m[36mPost Load (0.2ms)[0m  [1m[34mSELECT  "posts".* FROM "posts" WHERE "posts"."id" = ? LIMIT ?[0m  [["id", 2], ["LIMIT", 1]]
  Rendering posts/show.html.erb within layouts/application
  Rendered posts/show.html.erb within layouts/application (0.7ms)
Completed 200 OK in 35ms (Views: 32.0ms | ActiveRecord: 0.2ms)


Started GET "/posts" for ::1 at 2020-08-25 17:09:13 -0400
Processing by PostsController#index as HTML
  Rendering posts/index.html.erb within layouts/application
  [1m[36mPost Load (0.3ms)[0m  [1m[34mSELECT "posts".* FROM "posts"[0m
  Rendered posts/index.html.erb within layouts/application (4.8ms)
Completed 200 OK in 31ms (Views: 27.9ms | ActiveRecord: 0.3ms)


Started GET "/posts/new" for ::1 at 2020-08-25 17:09:26 -0400
Processing by PostsController#new as HTML
  Rendering posts/new.html.erb within layouts/application
  Rendered posts/new.html.erb within layouts/application (1.7ms)
Completed 200 OK in 31ms (Views: 28.9ms | ActiveRecord: 0.0ms)


Started POST "/posts" for ::1 at 2020-08-25 17:09:54 -0400
Processing by PostsController#create as HTML
  Parameters: {"utf8"=>"✓", "authenticity_token"=>"jTvO32ODgsanLb0NK7syas7MVYA/a7wKC/sw7SVXtSzjD0mnAhZxeUssuVj92CoKSbaNgnNXqFlBKu67XjDpmw==", "title"=>"Anna's Post", "description"=>"hi anna", "commit"=>"Submit Post"}
  [1m[35m (0.1ms)[0m  [1m[36mbegin transaction[0m
  [1m[35mSQL (1.7ms)[0m  [1m[32mINSERT INTO "posts" ("title", "description", "created_at", "updated_at") VALUES (?, ?, ?, ?)[0m  [["title", "Anna's Post"], ["description", "hi anna"], ["created_at", "2020-08-25 21:09:54.521908"], ["updated_at", "2020-08-25 21:09:54.521908"]]
  [1m[35m (2.2ms)[0m  [1m[36mcommit transaction[0m
No template found for PostsController#create, rendering head :no_content
Completed 204 No Content in 40ms (ActiveRecord: 4.0ms)


Started GET "/posts/new" for ::1 at 2020-08-25 17:11:19 -0400
Processing by PostsController#new as HTML
  Rendering posts/new.html.erb within layouts/application
  Rendered posts/new.html.erb within layouts/application (1.9ms)
Completed 200 OK in 38ms (Views: 36.1ms | ActiveRecord: 0.0ms)


Started POST "/posts" for ::1 at 2020-08-25 17:11:25 -0400
Processing by PostsController#create as HTML
  Parameters: {"utf8"=>"✓", "authenticity_token"=>"9B6erQ8iAqZeX0rOeG5HzZUuXkGWjQUfaKt5SHZOfZOaKhnVbrfxGbJeTpuuDV+tElSGQ9qxEUwieqceDSkhJA==", "title"=>"Anna's Post", "description"=>"hi anna", "commit"=>"Submit Post"}
  [1m[35m (0.1ms)[0m  [1m[36mbegin transaction[0m
  [1m[35mSQL (0.7ms)[0m  [1m[32mINSERT INTO "posts" ("title", "description", "created_at", "updated_at") VALUES (?, ?, ?, ?)[0m  [["title", "Anna's Post"], ["description", "hi anna"], ["created_at", "2020-08-25 21:11:25.554735"], ["updated_at", "2020-08-25 21:11:25.554735"]]
  [1m[35m (1.3ms)[0m  [1m[36mcommit transaction[0m
No template found for PostsController#create, rendering head :no_content
Completed 204 No Content in 51ms (ActiveRecord: 2.1ms)


Started GET "/posts/new" for ::1 at 2020-08-25 17:11:55 -0400
Processing by PostsController#new as HTML
  Rendering posts/new.html.erb within layouts/application
  Rendered posts/new.html.erb within layouts/application (1.3ms)
Completed 200 OK in 30ms (Views: 27.6ms | ActiveRecord: 0.0ms)


Started POST "/posts" for ::1 at 2020-08-25 17:12:01 -0400
Processing by PostsController#create as HTML
  Parameters: {"utf8"=>"✓", "authenticity_token"=>"0WF+9I9Ly/SnyGq7Sv3yW4jwhkJvR4a77y705Z75kDG/VfmM7t44S0vJbu6cnuo7D4peQCN7kuil/yqz5Z7Mhg==", "title"=>"hello", "description"=>"hi", "commit"=>"Submit Post"}
  [1m[35m (0.2ms)[0m  [1m[36mbegin transaction[0m
  [1m[35mSQL (0.8ms)[0m  [1m[32mINSERT INTO "posts" ("title", "description", "created_at", "updated_at") VALUES (?, ?, ?, ?)[0m  [["title", "hello"], ["description", "hi"], ["created_at", "2020-08-25 21:12:01.181370"], ["updated_at", "2020-08-25 21:12:01.181370"]]
  [1m[35m (2.0ms)[0m  [1m[36mcommit transaction[0m
No template found for PostsController#create, rendering head :no_content
Completed 204 No Content in 47ms (ActiveRecord: 2.9ms)


Started GET "/posts/new" for ::1 at 2020-08-25 17:12:28 -0400
Processing by PostsController#new as HTML
  Rendering posts/new.html.erb within layouts/application
  Rendered posts/new.html.erb within layouts/application (1.7ms)
Completed 200 OK in 31ms (Views: 28.7ms | ActiveRecord: 0.0ms)


Started POST "/posts" for ::1 at 2020-08-25 17:12:32 -0400
Processing by PostsController#create as HTML
  Parameters: {"utf8"=>"✓", "authenticity_token"=>"E78PW4Bfz4Ty5dVpYEerlcvd/ySW6CYVCpcCXIt3SRh9i4gj4co8Ox7k0Ty2JLP1TKcnJtrUMkZARtwK8BAVrw==", "title"=>"123", "description"=>"123", "commit"=>"Submit Post"}
  [1m[35m (0.1ms)[0m  [1m[36mbegin transaction[0m
  [1m[35mSQL (1.1ms)[0m  [1m[32mINSERT INTO "posts" ("title", "description", "created_at", "updated_at") VALUES (?, ?, ?, ?)[0m  [["title", "123"], ["description", "123"], ["created_at", "2020-08-25 21:12:32.855513"], ["updated_at", "2020-08-25 21:12:32.855513"]]
  [1m[35m (1.1ms)[0m  [1m[36mcommit transaction[0m
No template found for PostsController#create, rendering head :no_content
Completed 204 No Content in 48ms (ActiveRecord: 2.3ms)


Started GET "/posts/new" for ::1 at 2020-08-25 17:12:39 -0400
Processing by PostsController#new as HTML
  Rendering posts/new.html.erb within layouts/application
  Rendered posts/new.html.erb within layouts/application (3.2ms)
Completed 200 OK in 60ms (Views: 57.0ms | ActiveRecord: 0.0ms)


Started GET "/posts/new" for ::1 at 2020-08-25 17:12:44 -0400
Processing by PostsController#new as HTML
  Rendering posts/new.html.erb within layouts/application
  Rendered posts/new.html.erb within layouts/application (4.0ms)
Completed 200 OK in 56ms (Views: 52.9ms | ActiveRecord: 0.0ms)


  [1m[36mPost Load (2.5ms)[0m  [1m[34mSELECT "posts".* FROM "posts"[0m
  [1m[36mPost Load (0.3ms)[0m  [1m[34mSELECT  "posts".* FROM "posts" ORDER BY "posts"."id" DESC LIMIT ?[0m  [["LIMIT", 1]]
Started GET "/posts" for ::1 at 2020-08-25 17:16:15 -0400
  [1m[36mActiveRecord::SchemaMigration Load (0.2ms)[0m  [1m[34mSELECT "schema_migrations".* FROM "schema_migrations"[0m
Processing by PostsController#index as HTML
  Rendering posts/index.html.erb within layouts/application
  [1m[36mPost Load (0.1ms)[0m  [1m[34mSELECT "posts".* FROM "posts"[0m
  Rendered posts/index.html.erb within layouts/application (7.1ms)
Completed 200 OK in 243ms (Views: 233.4ms | ActiveRecord: 1.0ms)


Started GET "/posts/4" for ::1 at 2020-08-25 17:16:31 -0400
Processing by PostsController#show as HTML
  Parameters: {"id"=>"4"}
  [1m[36mPost Load (0.4ms)[0m  [1m[34mSELECT  "posts".* FROM "posts" WHERE "posts"."id" = ? LIMIT ?[0m  [["id", 4], ["LIMIT", 1]]
  Rendering posts/show.html.erb within layouts/application
  Rendered posts/show.html.erb within layouts/application (1.0ms)
Completed 200 OK in 37ms (Views: 27.1ms | ActiveRecord: 0.4ms)


Started GET "/posts" for ::1 at 2020-08-25 17:16:36 -0400
Processing by PostsController#index as HTML
  Rendering posts/index.html.erb within layouts/application
  [1m[36mPost Load (0.4ms)[0m  [1m[34mSELECT "posts".* FROM "posts"[0m
  Rendered posts/index.html.erb within layouts/application (2.8ms)
Completed 200 OK in 32ms (Views: 27.1ms | ActiveRecord: 0.4ms)


Started GET "/posts/6" for ::1 at 2020-08-25 17:16:41 -0400
Processing by PostsController#show as HTML
  Parameters: {"id"=>"6"}
  [1m[36mPost Load (0.2ms)[0m  [1m[34mSELECT  "posts".* FROM "posts" WHERE "posts"."id" = ? LIMIT ?[0m  [["id", 6], ["LIMIT", 1]]
  Rendering posts/show.html.erb within layouts/application
  Rendered posts/show.html.erb within layouts/application (0.7ms)
Completed 200 OK in 32ms (Views: 28.8ms | ActiveRecord: 0.2ms)


Started GET "/posts/5" for ::1 at 2020-08-25 17:16:43 -0400
Processing by PostsController#show as HTML
  Parameters: {"id"=>"5"}
  [1m[36mPost Load (0.3ms)[0m  [1m[34mSELECT  "posts".* FROM "posts" WHERE "posts"."id" = ? LIMIT ?[0m  [["id", 5], ["LIMIT", 1]]
  Rendering posts/show.html.erb within layouts/application
  Rendered posts/show.html.erb within layouts/application (0.8ms)
Completed 200 OK in 28ms (Views: 24.8ms | ActiveRecord: 0.3ms)


Started GET "/posts/4" for ::1 at 2020-08-25 17:16:46 -0400
Processing by PostsController#show as HTML
  Parameters: {"id"=>"4"}
  [1m[36mPost Load (0.2ms)[0m  [1m[34mSELECT  "posts".* FROM "posts" WHERE "posts"."id" = ? LIMIT ?[0m  [["id", 4], ["LIMIT", 1]]
  Rendering posts/show.html.erb within layouts/application
  Rendered posts/show.html.erb within layouts/application (0.8ms)
Completed 200 OK in 27ms (Views: 23.2ms | ActiveRecord: 0.2ms)


Started GET "/posts/3" for ::1 at 2020-08-25 17:16:49 -0400
Processing by PostsController#show as HTML
  Parameters: {"id"=>"3"}
  [1m[36mPost Load (0.2ms)[0m  [1m[34mSELECT  "posts".* FROM "posts" WHERE "posts"."id" = ? LIMIT ?[0m  [["id", 3], ["LIMIT", 1]]
  Rendering posts/show.html.erb within layouts/application
  Rendered posts/show.html.erb within layouts/application (0.8ms)
Completed 200 OK in 30ms (Views: 27.4ms | ActiveRecord: 0.2ms)


Started GET "/posts/2" for ::1 at 2020-08-25 17:16:52 -0400
Processing by PostsController#show as HTML
  Parameters: {"id"=>"2"}
  [1m[36mPost Load (0.2ms)[0m  [1m[34mSELECT  "posts".* FROM "posts" WHERE "posts"."id" = ? LIMIT ?[0m  [["id", 2], ["LIMIT", 1]]
  Rendering posts/show.html.erb within layouts/application
  Rendered posts/show.html.erb within layouts/application (0.6ms)
Completed 200 OK in 28ms (Views: 25.4ms | ActiveRecord: 0.2ms)


Started GET "/posts/new" for ::1 at 2020-08-25 17:17:59 -0400
Processing by PostsController#new as HTML
  Rendering posts/new.html.erb within layouts/application
  Rendered posts/new.html.erb within layouts/application (2.3ms)
Completed 200 OK in 29ms (Views: 24.9ms | ActiveRecord: 0.0ms)


Started POST "/posts" for ::1 at 2020-08-25 17:18:06 -0400
Processing by PostsController#create as HTML
  Parameters: {"utf8"=>"✓", "authenticity_token"=>"wfiYneocjDQbFZ/1jWXY6ena0akoox/RnIj1vo1QljCvzB/li4l/i/cUm6BbBsCJbqAJq2SfC4LWWSvo9jfKhw==", "title"=>"hey there", "description"=>"hihihi", "commit"=>"Submit Post"}
  [1m[35m (0.1ms)[0m  [1m[36mbegin transaction[0m
  [1m[35mSQL (0.8ms)[0m  [1m[32mINSERT INTO "posts" ("title", "description", "created_at", "updated_at") VALUES (?, ?, ?, ?)[0m  [["title", "hey there"], ["description", "hihihi"], ["created_at", "2020-08-25 21:18:06.326909"], ["updated_at", "2020-08-25 21:18:06.326909"]]
  [1m[35m (1.1ms)[0m  [1m[36mcommit transaction[0m
Completed 500 Internal Server Error in 5ms (ActiveRecord: 1.9ms)


  
ActionController::UrlGenerationError (No route matches {:action=>"show", :controller=>"posts", :id=>nil} missing required keys: [:id]):
  
app/controllers/posts_controller.rb:20:in `create'
  Rendering /Users/anna/.rvm/gems/ruby-2.6.1/gems/actionpack-5.0.7.2/lib/action_dispatch/middleware/templates/rescues/diagnostics.html.erb within rescues/layout
  Rendering /Users/anna/.rvm/gems/ruby-2.6.1/gems/actionpack-5.0.7.2/lib/action_dispatch/middleware/templates/rescues/_source.html.erb
  Rendered /Users/anna/.rvm/gems/ruby-2.6.1/gems/actionpack-5.0.7.2/lib/action_dispatch/middleware/templates/rescues/_source.html.erb (2.0ms)
  Rendering /Users/anna/.rvm/gems/ruby-2.6.1/gems/actionpack-5.0.7.2/lib/action_dispatch/middleware/templates/rescues/_trace.html.erb
  Rendered /Users/anna/.rvm/gems/ruby-2.6.1/gems/actionpack-5.0.7.2/lib/action_dispatch/middleware/templates/rescues/_trace.html.erb (1.9ms)
  Rendering /Users/anna/.rvm/gems/ruby-2.6.1/gems/actionpack-5.0.7.2/lib/action_dispatch/middleware/templates/rescues/_request_and_response.html.erb
  Rendered /Users/anna/.rvm/gems/ruby-2.6.1/gems/actionpack-5.0.7.2/lib/action_dispatch/middleware/templates/rescues/_request_and_response.html.erb (1.0ms)
  Rendered /Users/anna/.rvm/gems/ruby-2.6.1/gems/actionpack-5.0.7.2/lib/action_dispatch/middleware/templates/rescues/diagnostics.html.erb within rescues/layout (24.2ms)
Started GET "/posts/new" for ::1 at 2020-08-25 17:20:01 -0400
Processing by PostsController#new as HTML
  Rendering posts/new.html.erb within layouts/application
  Rendered posts/new.html.erb within layouts/application (1.4ms)
Completed 200 OK in 28ms (Views: 15.4ms | ActiveRecord: 1.1ms)


Started POST "/posts" for ::1 at 2020-08-25 17:20:07 -0400
Processing by PostsController#create as HTML
  Parameters: {"utf8"=>"✓", "authenticity_token"=>"U2RAF6VM4ZswnWI3IeTg1mC4p2QJbxctOP7vwoDNR+09UMdvxNkSJNycZmL3h/i258J/ZkVTA35yLzGU+6obWg==", "title"=>"heyy", "description"=>"heyyy", "commit"=>"Submit Post"}
  [1m[35m (0.1ms)[0m  [1m[36mbegin transaction[0m
  [1m[35mSQL (0.8ms)[0m  [1m[32mINSERT INTO "posts" ("title", "description", "created_at", "updated_at") VALUES (?, ?, ?, ?)[0m  [["title", "heyy"], ["description", "heyyy"], ["created_at", "2020-08-25 21:20:07.780880"], ["updated_at", "2020-08-25 21:20:07.780880"]]
  [1m[35m (1.2ms)[0m  [1m[36mcommit transaction[0m
Completed 500 Internal Server Error in 7ms (ActiveRecord: 2.1ms)


  
NoMethodError (undefined method `id' for nil:NilClass):
  
app/controllers/posts_controller.rb:20:in `create'
  Rendering /Users/anna/.rvm/gems/ruby-2.6.1/gems/actionpack-5.0.7.2/lib/action_dispatch/middleware/templates/rescues/diagnostics.html.erb within rescues/layout
  Rendering /Users/anna/.rvm/gems/ruby-2.6.1/gems/actionpack-5.0.7.2/lib/action_dispatch/middleware/templates/rescues/_source.html.erb
  Rendered /Users/anna/.rvm/gems/ruby-2.6.1/gems/actionpack-5.0.7.2/lib/action_dispatch/middleware/templates/rescues/_source.html.erb (2.9ms)
  Rendering /Users/anna/.rvm/gems/ruby-2.6.1/gems/actionpack-5.0.7.2/lib/action_dispatch/middleware/templates/rescues/_trace.html.erb
  Rendered /Users/anna/.rvm/gems/ruby-2.6.1/gems/actionpack-5.0.7.2/lib/action_dispatch/middleware/templates/rescues/_trace.html.erb (1.5ms)
  Rendering /Users/anna/.rvm/gems/ruby-2.6.1/gems/actionpack-5.0.7.2/lib/action_dispatch/middleware/templates/rescues/_request_and_response.html.erb
  Rendered /Users/anna/.rvm/gems/ruby-2.6.1/gems/actionpack-5.0.7.2/lib/action_dispatch/middleware/templates/rescues/_request_and_response.html.erb (0.7ms)
  Rendered /Users/anna/.rvm/gems/ruby-2.6.1/gems/actionpack-5.0.7.2/lib/action_dispatch/middleware/templates/rescues/diagnostics.html.erb within rescues/layout (19.0ms)
Started GET "/posts" for ::1 at 2020-08-25 17:20:14 -0400
Processing by PostsController#index as HTML
  Rendering posts/index.html.erb within layouts/application
  [1m[36mPost Load (0.4ms)[0m  [1m[34mSELECT "posts".* FROM "posts"[0m
  Rendered posts/index.html.erb within layouts/application (6.0ms)
Completed 200 OK in 29ms (Views: 21.5ms | ActiveRecord: 0.9ms)


Started GET "/posts/new" for ::1 at 2020-08-25 17:20:19 -0400
Processing by PostsController#new as HTML
  Rendering posts/new.html.erb within layouts/application
  Rendered posts/new.html.erb within layouts/application (1.8ms)
Completed 200 OK in 22ms (Views: 20.6ms | ActiveRecord: 0.0ms)


Started POST "/posts" for ::1 at 2020-08-25 17:20:23 -0400
Processing by PostsController#create as HTML
  Parameters: {"utf8"=>"✓", "authenticity_token"=>"2zE8HYiq0rtF4rvOXR388RUw6PzK89jW7XlTiN714K21Bbtl6T8hBKnjv5uLfuSRkkow/obPzIWnqI3epZK8Gg==", "title"=>"err", "description"=>"err", "commit"=>"Submit Post"}
  [1m[35m (0.1ms)[0m  [1m[36mbegin transaction[0m
  [1m[35mSQL (0.8ms)[0m  [1m[32mINSERT INTO "posts" ("title", "description", "created_at", "updated_at") VALUES (?, ?, ?, ?)[0m  [["title", "err"], ["description", "err"], ["created_at", "2020-08-25 21:20:23.421546"], ["updated_at", "2020-08-25 21:20:23.421546"]]
  [1m[35m (2.1ms)[0m  [1m[36mcommit transaction[0m
Completed 500 Internal Server Error in 7ms (ActiveRecord: 2.9ms)


  
ActionController::UrlGenerationError (No route matches {:action=>"show", :controller=>"posts", :id=>nil} missing required keys: [:id]):
  
app/controllers/posts_controller.rb:20:in `create'
  Rendering /Users/anna/.rvm/gems/ruby-2.6.1/gems/actionpack-5.0.7.2/lib/action_dispatch/middleware/templates/rescues/diagnostics.html.erb within rescues/layout
  Rendering /Users/anna/.rvm/gems/ruby-2.6.1/gems/actionpack-5.0.7.2/lib/action_dispatch/middleware/templates/rescues/_source.html.erb
  Rendered /Users/anna/.rvm/gems/ruby-2.6.1/gems/actionpack-5.0.7.2/lib/action_dispatch/middleware/templates/rescues/_source.html.erb (2.3ms)
  Rendering /Users/anna/.rvm/gems/ruby-2.6.1/gems/actionpack-5.0.7.2/lib/action_dispatch/middleware/templates/rescues/_trace.html.erb
  Rendered /Users/anna/.rvm/gems/ruby-2.6.1/gems/actionpack-5.0.7.2/lib/action_dispatch/middleware/templates/rescues/_trace.html.erb (1.5ms)
  Rendering /Users/anna/.rvm/gems/ruby-2.6.1/gems/actionpack-5.0.7.2/lib/action_dispatch/middleware/templates/rescues/_request_and_response.html.erb
  Rendered /Users/anna/.rvm/gems/ruby-2.6.1/gems/actionpack-5.0.7.2/lib/action_dispatch/middleware/templates/rescues/_request_and_response.html.erb (0.7ms)
  Rendered /Users/anna/.rvm/gems/ruby-2.6.1/gems/actionpack-5.0.7.2/lib/action_dispatch/middleware/templates/rescues/diagnostics.html.erb within rescues/layout (19.6ms)
Started GET "/posts/new" for ::1 at 2020-08-25 17:29:44 -0400
Processing by PostsController#new as HTML
  Rendering posts/new.html.erb within layouts/application
  Rendered posts/new.html.erb within layouts/application (1.4ms)
Completed 200 OK in 31ms (Views: 23.2ms | ActiveRecord: 0.8ms)


Started POST "/posts" for ::1 at 2020-08-25 17:29:51 -0400
Processing by PostsController#create as HTML
  Parameters: {"utf8"=>"✓", "authenticity_token"=>"hs2mPHvXyxKi/La/LfwllHvh4npvj9Kp1MlJm8PI4Ffo+SFEGkI4rU79sur7nz30/Js6eCOzxvqeGJfNuK+84A==", "title"=>"hi there baby", "description"=>"hello", "commit"=>"Submit Post"}
  [1m[35m (0.1ms)[0m  [1m[36mbegin transaction[0m
  [1m[35mSQL (0.6ms)[0m  [1m[32mINSERT INTO "posts" ("title", "description", "created_at", "updated_at") VALUES (?, ?, ?, ?)[0m  [["title", "hi there baby"], ["description", "hello"], ["created_at", "2020-08-25 21:29:51.729365"], ["updated_at", "2020-08-25 21:29:51.729365"]]
  [1m[35m (1.7ms)[0m  [1m[36mcommit transaction[0m
Redirected to http://localhost:3000/posts/10
Completed 302 Found in 6ms (ActiveRecord: 2.3ms)


Started GET "/posts/10" for ::1 at 2020-08-25 17:29:51 -0400
Processing by PostsController#show as HTML
  Parameters: {"id"=>"10"}
  [1m[36mPost Load (0.3ms)[0m  [1m[34mSELECT  "posts".* FROM "posts" WHERE "posts"."id" = ? LIMIT ?[0m  [["id", 10], ["LIMIT", 1]]
  Rendering posts/show.html.erb within layouts/application
  Rendered posts/show.html.erb within layouts/application (0.7ms)
Completed 200 OK in 26ms (Views: 21.0ms | ActiveRecord: 0.3ms)


